<?xml version="1.0" encoding="UTF-8"?>
<!-- Generated by org.testng.reporters.JUnitReportReporter -->
<testsuite skipped="0" hostname="LAPTOP-VKF73QEO" name="com.acti.base.DriverScript" tests="1" failures="0" timestamp="2022-02-04T12:26:08 CST" time="4.491" errors="0">
  <testcase name="initApplication" time="4.491" classname="com.acti.base.DriverScript"/>
  <system-out/>
</testsuite> <!-- com.acti.base.DriverScript -->
